<?xml version="1.0" encoding="UTF-8"?>
<testsuite xmlns:xsi="http://www.w3.org/2001/XMLSchema-instance" xsi:noNamespaceSchemaLocation="https://maven.apache.org/surefire/maven-surefire-plugin/xsd/surefire-test-report-3.0.xsd" version="3.0" name="org.example.ShoppingCartTest" time="0.327" tests="22" errors="4" skipped="0" failures="0">
  <properties>
    <property name="java.specification.version" value="17"/>
    <property name="sun.cpu.isalist" value="amd64"/>
    <property name="sun.jnu.encoding" value="Cp1252"/>
    <property name="java.class.path" value="C:\Users\Neo\Desktop\Projectos\ramdomShop-kata\target\test-classes;C:\Users\Neo\Desktop\Projectos\ramdomShop-kata\target\classes;C:\Users\Neo\.m2\repository\org\junit\jupiter\junit-jupiter\5.11.0-M2\junit-jupiter-5.11.0-M2.jar;C:\Users\Neo\.m2\repository\org\junit\jupiter\junit-jupiter-api\5.11.0-M2\junit-jupiter-api-5.11.0-M2.jar;C:\Users\Neo\.m2\repository\org\opentest4j\opentest4j\1.3.0\opentest4j-1.3.0.jar;C:\Users\Neo\.m2\repository\org\junit\platform\junit-platform-commons\1.11.0-M2\junit-platform-commons-1.11.0-M2.jar;C:\Users\Neo\.m2\repository\org\apiguardian\apiguardian-api\1.1.2\apiguardian-api-1.1.2.jar;C:\Users\Neo\.m2\repository\org\junit\jupiter\junit-jupiter-params\5.11.0-M2\junit-jupiter-params-5.11.0-M2.jar;C:\Users\Neo\.m2\repository\org\junit\jupiter\junit-jupiter-engine\5.11.0-M2\junit-jupiter-engine-5.11.0-M2.jar;C:\Users\Neo\.m2\repository\org\junit\platform\junit-platform-engine\1.11.0-M2\junit-platform-engine-1.11.0-M2.jar;"/>
    <property name="java.vm.vendor" value="Oracle Corporation"/>
    <property name="sun.arch.data.model" value="64"/>
    <property name="user.variant" value=""/>
    <property name="java.vendor.url" value="https://java.oracle.com/"/>
    <property name="user.timezone" value="Europe/Madrid"/>
    <property name="os.name" value="Windows 10"/>
    <property name="java.vm.specification.version" value="17"/>
    <property name="user.country" value="ES"/>
    <property name="sun.java.launcher" value="SUN_STANDARD"/>
    <property name="sun.boot.library.path" value="C:\Program Files\Java\jdk-17\bin"/>
    <property name="sun.java.command" value="C:\Users\Neo\AppData\Local\Temp\surefire16002481788519091647\surefirebooter-20240620142205172_3.jar C:\Users\Neo\AppData\Local\Temp\surefire16002481788519091647 2024-06-20T14-22-04_474-jvmRun1 surefire-20240620142205172_1tmp surefire_0-20240620142205172_2tmp"/>
    <property name="jdk.debug" value="release"/>
    <property name="test" value="org.example.ShoppingCartTest"/>
    <property name="surefire.test.class.path" value="C:\Users\Neo\Desktop\Projectos\ramdomShop-kata\target\test-classes;C:\Users\Neo\Desktop\Projectos\ramdomShop-kata\target\classes;C:\Users\Neo\.m2\repository\org\junit\jupiter\junit-jupiter\5.11.0-M2\junit-jupiter-5.11.0-M2.jar;C:\Users\Neo\.m2\repository\org\junit\jupiter\junit-jupiter-api\5.11.0-M2\junit-jupiter-api-5.11.0-M2.jar;C:\Users\Neo\.m2\repository\org\opentest4j\opentest4j\1.3.0\opentest4j-1.3.0.jar;C:\Users\Neo\.m2\repository\org\junit\platform\junit-platform-commons\1.11.0-M2\junit-platform-commons-1.11.0-M2.jar;C:\Users\Neo\.m2\repository\org\apiguardian\apiguardian-api\1.1.2\apiguardian-api-1.1.2.jar;C:\Users\Neo\.m2\repository\org\junit\jupiter\junit-jupiter-params\5.11.0-M2\junit-jupiter-params-5.11.0-M2.jar;C:\Users\Neo\.m2\repository\org\junit\jupiter\junit-jupiter-engine\5.11.0-M2\junit-jupiter-engine-5.11.0-M2.jar;C:\Users\Neo\.m2\repository\org\junit\platform\junit-platform-engine\1.11.0-M2\junit-platform-engine-1.11.0-M2.jar;"/>
    <property name="sun.cpu.endian" value="little"/>
    <property name="user.home" value="C:\Users\Neo"/>
    <property name="user.language" value="es"/>
    <property name="java.specification.vendor" value="Oracle Corporation"/>
    <property name="java.version.date" value="2024-04-16"/>
    <property name="java.home" value="C:\Program Files\Java\jdk-17"/>
    <property name="file.separator" value="\"/>
    <property name="basedir" value="C:\Users\Neo\Desktop\Projectos\ramdomShop-kata"/>
    <property name="java.vm.compressedOopsMode" value="32-bit"/>
    <property name="line.separator" value="&#10;"/>
    <property name="java.vm.specification.vendor" value="Oracle Corporation"/>
    <property name="java.specification.name" value="Java Platform API Specification"/>
    <property name="surefire.real.class.path" value="C:\Users\Neo\AppData\Local\Temp\surefire16002481788519091647\surefirebooter-20240620142205172_3.jar"/>
    <property name="user.script" value=""/>
    <property name="sun.management.compiler" value="HotSpot 64-Bit Tiered Compilers"/>
    <property name="java.runtime.version" value="17.0.11+7-LTS-207"/>
    <property name="user.name" value="Neo"/>
    <property name="path.separator" value=";"/>
    <property name="os.version" value="10.0"/>
    <property name="java.runtime.name" value="Java(TM) SE Runtime Environment"/>
    <property name="file.encoding" value="Cp1252"/>
    <property name="java.vm.name" value="Java HotSpot(TM) 64-Bit Server VM"/>
    <property name="maven.ext.class.path" value="C:\Users\Neo\.vscode\extensions\oracle.oracle-java-22.0.1\nbcode\java\maven-nblib\netbeans-eventspy.jar"/>
    <property name="localRepository" value="C:\Users\Neo\.m2\repository"/>
    <property name="java.vendor.url.bug" value="https://bugreport.java.com/bugreport/"/>
    <property name="java.io.tmpdir" value="C:\Users\Neo\AppData\Local\Temp\"/>
    <property name="java.version" value="17.0.11"/>
    <property name="user.dir" value="C:\Users\Neo\Desktop\Projectos\ramdomShop-kata"/>
    <property name="os.arch" value="amd64"/>
    <property name="java.vm.specification.name" value="Java Virtual Machine Specification"/>
    <property name="sun.os.patch.level" value=""/>
    <property name="native.encoding" value="Cp1252"/>
    <property name="java.library.path" value="C:\Program Files\Java\jdk-17\bin;C:\Windows\Sun\Java\bin;C:\Windows\system32;C:\Windows;C:\Program Files\Common Files\Oracle\Java\javapath;C:\Program Files\Java\jdk-17\bin;C:\apache-maven-3.9.6\bin;C:\Windows\system32;C:\Windows;C:\Windows\System32\Wbem;C:\Windows\System32\WindowsPowerShell\v1.0\;C:\Windows\System32\OpenSSH\;C:\Program Files\Git\cmd;C:\Users\Neo\AppData\Local\Programs\Eclipse Adoptium\jdk-17.0.11.9-hotspot\bin;C:\Users\Neo\AppData\Local\Microsoft\WindowsApps;C:\Users\Neo\AppData\Local\Programs\Microsoft VS Code\bin;."/>
    <property name="java.vm.info" value="mixed mode, sharing"/>
    <property name="java.vendor" value="Oracle Corporation"/>
    <property name="java.vm.version" value="17.0.11+7-LTS-207"/>
    <property name="sun.io.unicode.encoding" value="UnicodeLittle"/>
    <property name="java.class.version" value="61.0"/>
  </properties>
  <testcase name="calculatePriceForSpider_red_sticky" classname="org.example.ShoppingCartTest" time="0.086"/>
  <testcase name="calculatePriceForSpider_gold" classname="org.example.ShoppingCartTest" time="0.003"/>
  <testcase name="calculatePriceForMagicCards_black_lotus" classname="org.example.ShoppingCartTest" time="0.002"/>
  <testcase name="calculatePriceForCat" classname="org.example.ShoppingCartTest" time="0.007"/>
  <testcase name="calculatePriceForDog" classname="org.example.ShoppingCartTest" time="0.005"/>
  <testcase name="calculatePriceForFish_blue" classname="org.example.ShoppingCartTest" time="0.002"/>
  <testcase name="calculatePriceForFish_gold" classname="org.example.ShoppingCartTest" time="0.003"/>
  <testcase name="calculatePriceForSpider_gold_sticky" classname="org.example.ShoppingCartTest" time="0.003"/>
  <testcase name="calculatePriceForCanary" classname="org.example.ShoppingCartTest" time="0.002"/>
  <testcase name="calculatePriceForCheese" classname="org.example.ShoppingCartTest" time="0.003"/>
  <testcase name="calculatePriceForSpider_red" classname="org.example.ShoppingCartTest" time="0.004"/>
  <testcase name="calculatePriceForMagicCards_black" classname="org.example.ShoppingCartTest" time="0.021">
    <error message="Cannot invoke &quot;java.lang.Integer.intValue()&quot; because the return value of &quot;org.example.Product.getAge()&quot; is null" type="java.lang.NullPointerException"><![CDATA[java.lang.NullPointerException: Cannot invoke "java.lang.Integer.intValue()" because the return value of "org.example.Product.getAge()" is null
	at org.example.ShoppingCart.calculatePrice(ShoppingCart.java:49)
	at java.base/java.util.stream.ReferencePipeline$3$1.accept(ReferencePipeline.java:197)
	at java.base/java.util.ArrayList$ArrayListSpliterator.forEachRemaining(ArrayList.java:1625)
	at java.base/java.util.stream.AbstractPipeline.copyInto(AbstractPipeline.java:509)
	at java.base/java.util.stream.AbstractPipeline.wrapAndCopyInto(AbstractPipeline.java:499)
	at java.base/java.util.stream.ReduceOps$ReduceOp.evaluateSequential(ReduceOps.java:921)
	at java.base/java.util.stream.AbstractPipeline.evaluate(AbstractPipeline.java:234)
	at java.base/java.util.stream.ReferencePipeline.reduce(ReferencePipeline.java:657)
	at org.example.ShoppingCart.getTotalPrice(ShoppingCart.java:18)
	at org.example.ShoppingCartTest.calculatePriceForMagicCards_black(ShoppingCartTest.java:52)
	at java.base/java.lang.reflect.Method.invoke(Method.java:568)
	at java.base/java.util.ArrayList.forEach(ArrayList.java:1511)
	at java.base/java.util.ArrayList.forEach(ArrayList.java:1511)
]]></error>
  </testcase>
  <testcase name="calculatePriceForMagicCards_green" classname="org.example.ShoppingCartTest" time="0.005">
    <error message="Cannot invoke &quot;java.lang.Integer.intValue()&quot; because the return value of &quot;org.example.Product.getAge()&quot; is null" type="java.lang.NullPointerException"><![CDATA[java.lang.NullPointerException: Cannot invoke "java.lang.Integer.intValue()" because the return value of "org.example.Product.getAge()" is null
	at org.example.ShoppingCart.calculatePrice(ShoppingCart.java:48)
	at java.base/java.util.stream.ReferencePipeline$3$1.accept(ReferencePipeline.java:197)
	at java.base/java.util.ArrayList$ArrayListSpliterator.forEachRemaining(ArrayList.java:1625)
	at java.base/java.util.stream.AbstractPipeline.copyInto(AbstractPipeline.java:509)
	at java.base/java.util.stream.AbstractPipeline.wrapAndCopyInto(AbstractPipeline.java:499)
	at java.base/java.util.stream.ReduceOps$ReduceOp.evaluateSequential(ReduceOps.java:921)
	at java.base/java.util.stream.AbstractPipeline.evaluate(AbstractPipeline.java:234)
	at java.base/java.util.stream.ReferencePipeline.reduce(ReferencePipeline.java:657)
	at org.example.ShoppingCart.getTotalPrice(ShoppingCart.java:18)
	at org.example.ShoppingCartTest.calculatePriceForMagicCards_green(ShoppingCartTest.java:41)
	at java.base/java.lang.reflect.Method.invoke(Method.java:568)
	at java.base/java.util.ArrayList.forEach(ArrayList.java:1511)
	at java.base/java.util.ArrayList.forEach(ArrayList.java:1511)
]]></error>
  </testcase>
  <testcase name="calculatePriceForSpider" classname="org.example.ShoppingCartTest" time="0.003"/>
  <testcase name="calculatePriceForMagicOldCards_red" classname="org.example.ShoppingCartTest" time="0.005"/>
  <testcase name="calculatePriceForSpider_stinky" classname="org.example.ShoppingCartTest" time="0.002"/>
  <testcase name="calculatePriceForMagicCards_blue" classname="org.example.ShoppingCartTest" time="0.011">
    <error message="Cannot invoke &quot;java.lang.Integer.intValue()&quot; because the return value of &quot;org.example.Product.getAge()&quot; is null" type="java.lang.NullPointerException"><![CDATA[java.lang.NullPointerException: Cannot invoke "java.lang.Integer.intValue()" because the return value of "org.example.Product.getAge()" is null
	at org.example.ShoppingCart.calculatePrice(ShoppingCart.java:46)
	at java.base/java.util.stream.ReferencePipeline$3$1.accept(ReferencePipeline.java:197)
	at java.base/java.util.ArrayList$ArrayListSpliterator.forEachRemaining(ArrayList.java:1625)
	at java.base/java.util.stream.AbstractPipeline.copyInto(AbstractPipeline.java:509)
	at java.base/java.util.stream.AbstractPipeline.wrapAndCopyInto(AbstractPipeline.java:499)
	at java.base/java.util.stream.ReduceOps$ReduceOp.evaluateSequential(ReduceOps.java:921)
	at java.base/java.util.stream.AbstractPipeline.evaluate(AbstractPipeline.java:234)
	at java.base/java.util.stream.ReferencePipeline.reduce(ReferencePipeline.java:657)
	at org.example.ShoppingCart.getTotalPrice(ShoppingCart.java:18)
	at org.example.ShoppingCartTest.calculatePriceForMagicCards_blue(ShoppingCartTest.java:29)
	at java.base/java.lang.reflect.Method.invoke(Method.java:568)
	at java.base/java.util.ArrayList.forEach(ArrayList.java:1511)
	at java.base/java.util.ArrayList.forEach(ArrayList.java:1511)
]]></error>
  </testcase>
  <testcase name="calculatePriceForWine" classname="org.example.ShoppingCartTest" time="0.002"/>
  <testcase name="calculatePriceForMagicCards_red" classname="org.example.ShoppingCartTest" time="0.003">
    <error message="Cannot invoke &quot;java.lang.Integer.intValue()&quot; because the return value of &quot;org.example.Product.getAge()&quot; is null" type="java.lang.NullPointerException"><![CDATA[java.lang.NullPointerException: Cannot invoke "java.lang.Integer.intValue()" because the return value of "org.example.Product.getAge()" is null
	at org.example.ShoppingCart.calculatePrice(ShoppingCart.java:47)
	at java.base/java.util.stream.ReferencePipeline$3$1.accept(ReferencePipeline.java:197)
	at java.base/java.util.ArrayList$ArrayListSpliterator.forEachRemaining(ArrayList.java:1625)
	at java.base/java.util.stream.AbstractPipeline.copyInto(AbstractPipeline.java:509)
	at java.base/java.util.stream.AbstractPipeline.wrapAndCopyInto(AbstractPipeline.java:499)
	at java.base/java.util.stream.ReduceOps$ReduceOp.evaluateSequential(ReduceOps.java:921)
	at java.base/java.util.stream.AbstractPipeline.evaluate(AbstractPipeline.java:234)
	at java.base/java.util.stream.ReferencePipeline.reduce(ReferencePipeline.java:657)
	at org.example.ShoppingCart.getTotalPrice(ShoppingCart.java:18)
	at org.example.ShoppingCartTest.calculatePriceForMagicCards_red(ShoppingCartTest.java:17)
	at java.base/java.lang.reflect.Method.invoke(Method.java:568)
	at java.base/java.util.ArrayList.forEach(ArrayList.java:1511)
	at java.base/java.util.ArrayList.forEach(ArrayList.java:1511)
]]></error>
  </testcase>
  <testcase name="calculatePriceForMagicOldCards_blue" classname="org.example.ShoppingCartTest" time="0.002"/>
  <testcase name="calculatePriceForMagicOldCards_black" classname="org.example.ShoppingCartTest" time="0.003"/>
  <testcase name="calculatePriceForMagicOldCards_green" classname="org.example.ShoppingCartTest" time="0.002"/>
</testsuite>